2016-10-10 16:45:53	admin	http://localhost/	Parse Error: 	syntax error, unexpected ')' (line 11 of C:\xampp\htdocs\site\assets\cache\FileCompiler\site\templates\home.php)
2016-10-10 16:46:27	admin	http://localhost/	Parse Error: 	syntax error, unexpected ')' (line 11 of C:\xampp\htdocs\site\assets\cache\FileCompiler\site\templates\home.php)
2016-10-10 16:47:38	admin	http://localhost/	Error: 	Exception: Method Page::childrens does not exist or is not callable in this context (in C:\xampp\htdocs\wire\core\Wire.php line 416)  #0 C:\xampp\htdocs\wire\core\Page.php(1475): ProcessWire\Wire->___callUnknown('childrens', Array) #1 [internal function]: ProcessWire\Page->___callUnknown('childrens', Array) #2 C:\xampp\htdocs\wire\core\Wire.php(348): call_user_func_array(Array, Array) #3 C:\xampp\htdocs\wire\core\WireHooks.php(548): ProcessWire\Wire->_callMethod('___callUnknown', Array) #4 C:\xampp\htdocs\wire\core\Wire.php(373): ProcessWire\WireHooks->runHooks(Object(ProcessWire\Page), 'callUnknown', Array) #5 C:\xampp\htdocs\wire\core\Wire.php(374): ProcessWire\Wire->__call('callUnknown', Array) #6 C:\xampp\htdocs\wire\core\Wire.php(374): ProcessWire\Page->callUnknown('childrens', Array) #7 C:\xampp\htdocs\site\assets\cache\FileCompiler\site\templates\home.php(11): ProcessWire\Wire->__call('childrens', Array) #8 C:\xampp\htdocs\site\assets\cache\FileCompiler\site\templates\home.php(11): ProcessWire\Page->ch
2016-10-10 17:00:49	admin	http://localhost/	Parse Error: 	syntax error, unexpected 'snipcart' (T_STRING), expecting ',' or ';' (line 12 of C:\xampp\htdocs\site\assets\cache\FileCompiler\site\templates\home.php)
2016-10-10 17:01:02	admin	http://localhost/	Parse Error: 	syntax error, unexpected end of file (line 18 of C:\xampp\htdocs\site\assets\cache\FileCompiler\site\templates\home.php)
2016-10-10 17:01:04	admin	http://localhost/	Parse Error: 	syntax error, unexpected end of file (line 18 of C:\xampp\htdocs\site\assets\cache\FileCompiler\site\templates\home.php)
2016-10-10 17:01:19	admin	http://localhost/	Parse Error: 	syntax error, unexpected end of file (line 18 of C:\xampp\htdocs\site\assets\cache\FileCompiler\site\templates\home.php)
2016-10-10 17:01:36	admin	http://localhost/	Parse Error: 	syntax error, unexpected end of file (line 18 of C:\xampp\htdocs\site\assets\cache\FileCompiler\site\templates\home.php)
2016-10-10 17:01:53	admin	http://localhost/	Parse Error: 	syntax error, unexpected end of file (line 18 of C:\xampp\htdocs\site\assets\cache\FileCompiler\site\templates\home.php)
2016-10-10 17:02:04	admin	http://localhost/	Parse Error: 	syntax error, unexpected end of file (line 18 of C:\xampp\htdocs\site\assets\cache\FileCompiler\site\templates\home.php)
2016-10-10 17:02:07	admin	http://localhost/	Parse Error: 	syntax error, unexpected end of file (line 18 of C:\xampp\htdocs\site\assets\cache\FileCompiler\site\templates\home.php)
2016-10-10 17:02:08	admin	http://localhost/	Parse Error: 	syntax error, unexpected end of file (line 18 of C:\xampp\htdocs\site\assets\cache\FileCompiler\site\templates\home.php)
2016-10-10 17:02:13	admin	http://localhost/	Parse Error: 	syntax error, unexpected end of file (line 17 of C:\xampp\htdocs\site\assets\cache\FileCompiler\site\templates\home.php)
2016-10-10 17:02:54	admin	http://localhost/	Parse Error: 	syntax error, unexpected 'snipcart' (T_STRING), expecting ',' or ';' (line 12 of C:\xampp\htdocs\site\assets\cache\FileCompiler\site\templates\home.php)
2016-10-10 17:03:04	admin	http://localhost/	Parse Error: 	syntax error, unexpected 'snipcart' (T_STRING), expecting ',' or ';' (line 12 of C:\xampp\htdocs\site\assets\cache\FileCompiler\site\templates\home.php)
2016-10-10 17:03:36	admin	http://localhost/	Parse Error: 	syntax error, unexpected 'snipcart' (T_STRING), expecting ',' or ';' (line 12 of C:\xampp\htdocs\site\assets\cache\FileCompiler\site\templates\home.php)
2016-10-10 17:03:51	admin	http://localhost/	Parse Error: 	syntax error, unexpected 'snipcart' (T_STRING), expecting ',' or ';' (line 12 of C:\xampp\htdocs\site\assets\cache\FileCompiler\site\templates\home.php)
2016-10-10 17:04:10	admin	http://localhost/	Parse Error: 	syntax error, unexpected 'snipcart' (T_STRING), expecting ',' or ';' (line 12 of C:\xampp\htdocs\site\assets\cache\FileCompiler\site\templates\home.php)
2016-10-10 17:04:35	admin	http://localhost/	Parse Error: 	syntax error, unexpected 'snipcart' (T_STRING), expecting ',' or ';' (line 12 of C:\xampp\htdocs\site\assets\cache\FileCompiler\site\templates\home.php)
2016-10-10 17:34:43	admin	http://localhost/	Parse Error: 	syntax error, unexpected 'https' (T_STRING), expecting ',' or ';' (line 3 of C:\xampp\htdocs\site\templates\_snipcart.php)
2016-10-10 17:34:52	admin	http://localhost/	Parse Error: 	syntax error, unexpected 'https' (T_STRING), expecting ',' or ';' (line 3 of C:\xampp\htdocs\site\templates\_snipcart.php)
2016-10-10 17:34:53	admin	http://localhost/	Parse Error: 	syntax error, unexpected 'https' (T_STRING), expecting ',' or ';' (line 3 of C:\xampp\htdocs\site\templates\_snipcart.php)
2016-10-10 17:34:57	admin	http://localhost/	Parse Error: 	syntax error, unexpected 'https' (T_STRING), expecting ',' or ';' (line 3 of C:\xampp\htdocs\site\templates\_snipcart.php)
2016-10-10 17:35:49	admin	http://localhost/	Parse Error: 	syntax error, unexpected 'Home' (T_STRING), expecting ',' or ';' (line 4 of C:\xampp\htdocs\site\templates\_snipcart.php)
2016-10-10 17:35:58	admin	http://localhost/	Parse Error: 	syntax error, unexpected 'Home' (T_STRING), expecting ',' or ';' (line 4 of C:\xampp\htdocs\site\templates\_snipcart.php)
2016-10-10 17:36:40	admin	http://localhost/	Parse Error: 	syntax error, unexpected 'Home' (T_STRING), expecting ',' or ';' (line 4 of C:\xampp\htdocs\site\templates\_snipcart.php)
2016-10-10 17:37:35	admin	http://localhost/	Parse Error: 	syntax error, unexpected 'Home' (T_STRING), expecting ',' or ';' (line 4 of C:\xampp\htdocs\site\templates\_snipcart.php)
2016-10-10 17:37:52	admin	http://localhost/	Parse Error: 	syntax error, unexpected 'Home' (T_STRING), expecting ',' or ';' (line 4 of C:\xampp\htdocs\site\templates\_snipcart.php)
2016-10-10 17:46:32	admin	http://localhost/	Parse Error: 	syntax error, unexpected 'echo' (T_ECHO) (line 5 of C:\xampp\htdocs\site\templates\_snipcart.php)
2016-10-10 17:49:34	admin	http://localhost/	Error: 	Exception: Unknown Selector operator: '' -- was your selector value properly escaped?  (in C:\xampp\htdocs\wire\core\Selectors.php line 307)  #0 C:\xampp\htdocs\wire\core\Selectors.php(351): ProcessWire\Selectors->create('Home', '', '') #1 C:\xampp\htdocs\wire\core\Selectors.php(128): ProcessWire\Selectors->extractString('Home') #2 C:\xampp\htdocs\wire\core\Selectors.php(116): ProcessWire\Selectors->setSelectorString('Home') #3 C:\xampp\htdocs\wire\core\PagesLoader.php(188): ProcessWire\Selectors->init('Home') #4 C:\xampp\htdocs\wire\core\Pages.php(223): ProcessWire\PagesLoader->find('Home', Array) #5 [internal function]: ProcessWire\Pages->___find('Home', Array) #6 C:\xampp\htdocs\wire\core\Wire.php(348): call_user_func_array(Array, Array) #7 C:\xampp\htdocs\wire\core\WireHooks.php(548): ProcessWire\Wire->_callMethod('___find', Array) #8 C:\xampp\htdocs\wire\core\Wire.php(373): ProcessWire\WireHooks->runHooks(Object(ProcessWire\Pages), 'find', Array) #9 C:\xampp\htdocs\wire\core\PagesLoader.php(366): Process
2016-10-10 17:49:38	admin	http://localhost/	Error: 	Exception: Unknown Selector operator: '' -- was your selector value properly escaped?  (in C:\xampp\htdocs\wire\core\Selectors.php line 307)  #0 C:\xampp\htdocs\wire\core\Selectors.php(351): ProcessWire\Selectors->create('Home', '', '') #1 C:\xampp\htdocs\wire\core\Selectors.php(128): ProcessWire\Selectors->extractString('Home') #2 C:\xampp\htdocs\wire\core\Selectors.php(116): ProcessWire\Selectors->setSelectorString('Home') #3 C:\xampp\htdocs\wire\core\PagesLoader.php(188): ProcessWire\Selectors->init('Home') #4 C:\xampp\htdocs\wire\core\Pages.php(223): ProcessWire\PagesLoader->find('Home', Array) #5 [internal function]: ProcessWire\Pages->___find('Home', Array) #6 C:\xampp\htdocs\wire\core\Wire.php(348): call_user_func_array(Array, Array) #7 C:\xampp\htdocs\wire\core\WireHooks.php(548): ProcessWire\Wire->_callMethod('___find', Array) #8 C:\xampp\htdocs\wire\core\Wire.php(373): ProcessWire\WireHooks->runHooks(Object(ProcessWire\Pages), 'find', Array) #9 C:\xampp\htdocs\wire\core\PagesLoader.php(366): Process
2016-10-10 17:49:44	admin	http://localhost/	Error: 	Exception: Unknown Selector operator: '' -- was your selector value properly escaped?  (in C:\xampp\htdocs\wire\core\Selectors.php line 307)  #0 C:\xampp\htdocs\wire\core\Selectors.php(351): ProcessWire\Selectors->create('Home', '', '') #1 C:\xampp\htdocs\wire\core\Selectors.php(128): ProcessWire\Selectors->extractString('Home') #2 C:\xampp\htdocs\wire\core\Selectors.php(116): ProcessWire\Selectors->setSelectorString('Home') #3 C:\xampp\htdocs\wire\core\PagesLoader.php(188): ProcessWire\Selectors->init('Home') #4 C:\xampp\htdocs\wire\core\Pages.php(223): ProcessWire\PagesLoader->find('Home', Array) #5 [internal function]: ProcessWire\Pages->___find('Home', Array) #6 C:\xampp\htdocs\wire\core\Wire.php(348): call_user_func_array(Array, Array) #7 C:\xampp\htdocs\wire\core\WireHooks.php(548): ProcessWire\Wire->_callMethod('___find', Array) #8 C:\xampp\htdocs\wire\core\Wire.php(373): ProcessWire\WireHooks->runHooks(Object(ProcessWire\Pages), 'find', Array) #9 C:\xampp\htdocs\wire\core\PagesLoader.php(366): Process
2016-10-10 17:54:02	admin	http://localhost/	Parse Error: 	syntax error, unexpected '/' (line 4 of C:\xampp\htdocs\site\templates\_snipcart.php)
2016-10-10 17:54:10	admin	http://localhost/	Parse Error: 	syntax error, unexpected '/' (line 4 of C:\xampp\htdocs\site\templates\_snipcart.php)
2016-10-10 17:54:13	admin	http://localhost/	Parse Error: 	syntax error, unexpected '/' (line 4 of C:\xampp\htdocs\site\templates\_snipcart.php)
2016-10-10 17:54:24	admin	http://localhost/	Parse Error: 	syntax error, unexpected '/' (line 4 of C:\xampp\htdocs\site\templates\_snipcart.php)
2016-10-10 17:55:25	admin	http://localhost/	Parse Error: 	syntax error, unexpected 'echo' (T_ECHO), expecting ',' or ';' (line 6 of C:\xampp\htdocs\site\templates\_snipcart.php)
2016-10-10 18:14:07	admin	http://localhost/product-3/	Parse Error: 	syntax error, unexpected '.' (line 16 of C:\xampp\htdocs\site\assets\cache\FileCompiler\site\templates\product.php)
2016-10-10 18:14:32	admin	http://localhost/product-3/	Parse Error: 	syntax error, unexpected '.' (line 16 of C:\xampp\htdocs\site\assets\cache\FileCompiler\site\templates\product.php)
2016-10-11 01:28:54	admin	http://localhost/	Parse Error: 	syntax error, unexpected 'echo' (T_ECHO), expecting ',' or ';' (line 24 of C:\xampp\htdocs\site\assets\cache\FileCompiler\site\templates\home.php)
2016-10-11 13:33:43	guest	http://localhost/	Parse Error: 	syntax error, unexpected '.' (line 13 of C:\xampp\htdocs\site\assets\cache\FileCompiler\site\templates\home.php)
2016-10-11 13:33:52	guest	http://localhost/	Parse Error: 	syntax error, unexpected '.' (line 13 of C:\xampp\htdocs\site\assets\cache\FileCompiler\site\templates\home.php)
2016-10-11 13:34:02	guest	http://localhost/	Parse Error: 	syntax error, unexpected '.' (line 13 of C:\xampp\htdocs\site\assets\cache\FileCompiler\site\templates\home.php)
2016-10-11 13:34:23	admin	http://localhost/	Parse Error: 	syntax error, unexpected '.' (line 13 of C:\xampp\htdocs\site\assets\cache\FileCompiler\site\templates\home.php)
2016-10-11 13:48:01	admin	http://localhost/	Parse Error: 	syntax error, unexpected '.' (line 13 of C:\xampp\htdocs\site\assets\cache\FileCompiler\site\templates\home.php)
2016-10-11 14:37:15	admin	http://localhost/product-1/	Parse Error: 	syntax error, unexpected 'echo' (T_ECHO), expecting ',' or ';' (line 11 of C:\xampp\htdocs\site\assets\cache\FileCompiler\site\templates\product.php)
2016-10-11 16:33:56	?	http://localhost/?/	Error: 	Exception: SQLSTATE[42S02]: Base table or view not found: 1146 Table 'processwire-snipcart.fields' doesn't exist (in C:\xampp\htdocs\wire\core\WireSaveableItems.php line 153)
2016-10-11 16:34:08	?	http://localhost/?/	Error: 	Exception: SQLSTATE[42S02]: Base table or view not found: 1146 Table 'processwire-snipcart.fields' doesn't exist (in C:\xampp\htdocs\wire\core\WireSaveableItems.php line 153)
2016-10-11 16:40:09	?	http://localhost/?/	Error: 	Exception: SQLSTATE[42S02]: Base table or view not found: 1146 Table 'processwire-snipcart.fields' doesn't exist (in C:\xampp\htdocs\wire\core\WireSaveableItems.php line 153)
2016-10-11 16:42:26	?	http://localhost/?/	Error: 	Exception: SQLSTATE[42S02]: Base table or view not found: 1146 Table 'processwire-snipcart.fields' doesn't exist (in C:\xampp\htdocs\wire\core\WireSaveableItems.php line 153)
